<?xml version="1.0" encoding="UTF-8"?>
<coverage generated="1653954630739" clover="3.2.0">
  <project timestamp="1653954630740" name="All files">
    <metrics statements="12" coveredstatements="7" conditionals="0" coveredconditionals="0" methods="6" coveredmethods="1" elements="18" coveredelements="8" complexity="0" loc="12" ncloc="12" packages="1" files="1" classes="1"/>
    <file name="ForgotPasswordComponent.js" path="C:\Users\Mehran Nabipour\Desktop\Mapper\Universitet\Softwareteknologi\7. Semester\Bachelorprojekt\Sourcecode\TheOrganizer\components\ForgotPassword\ForgotPasswordComponent.js">
      <metrics statements="12" coveredstatements="7" conditionals="0" coveredconditionals="0" methods="6" coveredmethods="1"/>
      <line num="8" count="1" type="stmt"/>
      <line num="11" count="1" type="stmt"/>
      <line num="12" count="1" type="stmt"/>
      <line num="13" count="1" type="stmt"/>
      <line num="16" count="1" type="stmt"/>
      <line num="17" count="0" type="stmt"/>
      <line num="19" count="0" type="stmt"/>
      <line num="22" count="0" type="stmt"/>
      <line num="27" count="1" type="stmt"/>
      <line num="30" count="0" type="stmt"/>
      <line num="39" count="0" type="stmt"/>
      <line num="52" count="1" type="stmt"/>
    </file>
  </project>
</coverage>
