{"C:\\Users\\Mehran Nabipour\\Desktop\\Mapper\\Universitet\\Softwareteknologi\\7. Semester\\Bachelorprojekt\\Sourcecode\\TheOrganizer\\components\\ForgotPassword\\ForgotPasswordComponent.js": {"path":"C:\\Users\\Mehran Nabipour\\Desktop\\Mapper\\Universitet\\Softwareteknologi\\7. Semester\\Bachelorprojekt\\Sourcecode\\TheOrganizer\\components\\ForgotPassword\\ForgotPasswordComponent.js","statementMap":{"0":{"start":{"line":8,"column":24},"end":{"line":8,"column":48}},"1":{"start":{"line":11,"column":30},"end":{"line":11,"column":42}},"2":{"start":{"line":12,"column":17},"end":{"line":12,"column":26}},"3":{"start":{"line":13,"column":23},"end":{"line":13,"column":38}},"4":{"start":{"line":16,"column":27},"end":{"line":24,"column":5}},"5":{"start":{"line":17,"column":4},"end":{"line":23,"column":11}},"6":{"start":{"line":19,"column":12},"end":{"line":19,"column":91}},"7":{"start":{"line":22,"column":12},"end":{"line":22,"column":92}},"8":{"start":{"line":27,"column":2},"end":{"line":48,"column":3}},"9":{"start":{"line":30,"column":80},"end":{"line":30,"column":108}},"10":{"start":{"line":39,"column":111},"end":{"line":39,"column":125}},"11":{"start":{"line":52,"column":15},"end":{"line":90,"column":2}}},"fnMap":{"0":{"name":"ForgotPasswordComponent","decl":{"start":{"line":10,"column":24},"end":{"line":10,"column":47}},"loc":{"start":{"line":10,"column":50},"end":{"line":49,"column":1}},"line":10},"1":{"name":"(anonymous_1)","decl":{"start":{"line":16,"column":27},"end":{"line":16,"column":28}},"loc":{"start":{"line":16,"column":33},"end":{"line":24,"column":5}},"line":16},"2":{"name":"(anonymous_2)","decl":{"start":{"line":18,"column":14},"end":{"line":18,"column":15}},"loc":{"start":{"line":18,"column":20},"end":{"line":20,"column":9}},"line":18},"3":{"name":"(anonymous_3)","decl":{"start":{"line":21,"column":15},"end":{"line":21,"column":16}},"loc":{"start":{"line":21,"column":21},"end":{"line":23,"column":9}},"line":21},"4":{"name":"(anonymous_4)","decl":{"start":{"line":30,"column":73},"end":{"line":30,"column":74}},"loc":{"start":{"line":30,"column":79},"end":{"line":30,"column":109}},"line":30},"5":{"name":"(anonymous_5)","decl":{"start":{"line":39,"column":103},"end":{"line":39,"column":104}},"loc":{"start":{"line":39,"column":111},"end":{"line":39,"column":125}},"line":39}},"branchMap":{},"s":{"0":1,"1":1,"2":1,"3":1,"4":1,"5":0,"6":0,"7":0,"8":1,"9":0,"10":0,"11":1},"f":{"0":1,"1":0,"2":0,"3":0,"4":0,"5":0},"b":{},"_coverageSchema":"1a1c01bbd47fc00a2c39e90264f33305004495a9","hash":"7672555a37b4b193aff08412b51cd4b2a1d54d35"}
}
